<?xml version="1.0" encoding="UTF-8"?>
<!-- Generated by org.testng.reporters.JUnitReportReporter -->
<testsuite hostname="Muktas-MacBook-Air.local" name="salasartestngpackage.SalasarTestNGFile" tests="15" failures="0" timestamp="23 Aug 2015 05:02:50 GMT" time="6.844" errors="0">
  <testcase name="logout" time="0.269" classname="salasartestngpackage.SalasarTestNGFile"/>
  <testcase name="aboutus" time="0.901" classname="salasartestngpackage.SalasarTestNGFile"/>
  <testcase name="verifybuyerlogin" time="0.745" classname="salasartestngpackage.SalasarTestNGFile"/>
  <testcase name="contactus" time="1.431" classname="salasartestngpackage.SalasarTestNGFile"/>
  <testcase name="verifylogouttitle" time="0.024" classname="salasartestngpackage.SalasarTestNGFile"/>
  <testcase name="waitforcontactus" time="1.491" classname="salasartestngpackage.SalasarTestNGFile"/>
  <testcase name="waitforhomepageagain" time="0.469" classname="salasartestngpackage.SalasarTestNGFile"/>
  <testcase name="waitforaboutus" time="0.016" classname="salasartestngpackage.SalasarTestNGFile"/>
  <testcase name="verifyhomepagetitle" time="0.030" classname="salasartestngpackage.SalasarTestNGFile"/>
  <testcase name="verifyaboutus" time="0.026" classname="salasartestngpackage.SalasarTestNGFile"/>
  <testcase name="clickbuyerlogin" time="0.198" classname="salasartestngpackage.SalasarTestNGFile"/>
  <testcase name="waitforhomepage" time="0.027" classname="salasartestngpackage.SalasarTestNGFile"/>
  <testcase name="launchBrowsertwo" time="0.400" classname="salasartestngpackage.SalasarTestNGFile"/>
  <testcase name="buyerlogin" time="0.786" classname="salasartestngpackage.SalasarTestNGFile"/>
  <testcase name="verifycontactus" time="0.031" classname="salasartestngpackage.SalasarTestNGFile"/>
</testsuite> <!-- salasartestngpackage.SalasarTestNGFile -->
